<?xml version="1.0" encoding="UTF-8"?>
<testsuite xmlns:xsi="http://www.w3.org/2001/XMLSchema-instance" xsi:noNamespaceSchemaLocation="https://maven.apache.org/surefire/maven-surefire-plugin/xsd/surefire-test-report-3.0.xsd" version="3.0" name="cucumber.Options.RunCucumberTests" time="161.704" tests="2" errors="0" skipped="0" failures="0">
  <properties>
[...]
</properties>
  <testcase name="runScenario[&quot;User shops for adidas in Shoes&quot;, &quot;Optional[E2E tests for Signup Page]&quot;](1)" classname="cucumber.Options.RunCucumberTests" time="61.395">
    <system-out><![CDATA[
@E2ETest
Scenario Outline: User shops for adidas in Shoes                                   # src/test/resources/features/OtriumE2E.feature:21
2021-09-21 11:56:29,068 [INFO  ] Log - >> Opens the selected browser from POM command line properties

    Opens the selected browser from POM command line properties

2021-09-21 11:56:34,041 [INFO  ] Log - >> Title : Otrium | The Online Fashion Outlet | Get Exclusive Access
 Expected : Otrium | The Online Fashion Outlet | Get Exclusive Access

    Title :Otrium | The Online Fashion Outlet | Get Exclusive Access
     Expected : Otrium | The Online Fashion Outlet | Get Exclusive Access

  Given unauthenticated user navigates to Otrium.com page                          # stepDefinitions.E2ETests_Steps.user_navigates_to_otrium_com_sign_up_page()
  When user clicks on "All brands" option                                          # stepDefinitions.E2ETests_Steps.user_clicks_on_option(java.lang.String)
  And user selects gender "men"                                                    # stepDefinitions.E2ETests_Steps.selects_gender(java.lang.String)
  And user selects brand "adidas"                                                  # stepDefinitions.E2ETests_Steps.selects_the_option(java.lang.String)
  Then user is redirected to page having brand "adidas" image to continue shopping # stepDefinitions.E2ETests_Steps.user_redirects_brand_continue_shopping(java.lang.String)
  When user clicks on "ShopNow"                                                    # stepDefinitions.E2ETests_Steps.user_clicks_on(java.lang.String)
  And user finish registration page                                                # stepDefinitions.E2ETests_Steps.user_finish_registration_page()
  And selects "Shoes" option                                                       # stepDefinitions.E2ETests_Steps.selects_option(java.lang.String)
  And user sends shoe with related size for checkout                               # stepDefinitions.E2ETests_Steps.user_sends_shoe_with_related_size_for_checkout()
  Then user enters the checkout details for payment                                # stepDefinitions.E2ETests_Steps.user_enters_the_checkout_details_for_payment()
2021-09-21 11:57:27,831 [INFO  ] Log - >> Current Page : Payment method
  And page is moved to payment page                                                # stepDefinitions.E2ETests_Steps.page_is_moved_to_payment_page()
]]></system-out>
    <system-err><![CDATA[Starting ChromeDriver 92.0.4515.107 (87a818b10553a07434ea9e2b6dccf3cbe7895134-refs/branch-heads/4515@{#1634}) on port 18695
Only local connections are allowed.
Please see https://chromedriver.chromium.org/security-considerations for suggestions on keeping ChromeDriver safe.
ChromeDriver was started successfully.
[1632218188.441][WARNING]: This version of ChromeDriver has not been tested with Chrome version 93.
Sep 21, 2021 11:56:28 AM org.openqa.selenium.remote.ProtocolHandshake createSession
INFO: Detected dialect: W3C
]]></system-err>
  </testcase>
  <testcase name="runScenario[&quot;User shops for adidas in clothing&quot;, &quot;Optional[E2E tests for Signup Page]&quot;](2)" classname="cucumber.Options.RunCucumberTests" time="99.094">
    <system-out><![CDATA[
@E2ETest
Scenario Outline: User shops for adidas in clothing                                # src/test/resources/features/OtriumE2E.feature:22
2021-09-21 11:57:29,100 [INFO  ] Log - >> Opens the selected browser from POM command line properties

    Opens the selected browser from POM command line properties

2021-09-21 11:57:33,989 [INFO  ] Log - >> Title : Otrium | The Online Fashion Outlet | Get Exclusive Access
 Expected : Otrium | The Online Fashion Outlet | Get Exclusive Access

    Title :Otrium | The Online Fashion Outlet | Get Exclusive Access
     Expected : Otrium | The Online Fashion Outlet | Get Exclusive Access

  Given unauthenticated user navigates to Otrium.com page                          # stepDefinitions.E2ETests_Steps.user_navigates_to_otrium_com_sign_up_page()
  When user clicks on "All brands" option                                          # stepDefinitions.E2ETests_Steps.user_clicks_on_option(java.lang.String)
  And user selects gender "Women"                                                  # stepDefinitions.E2ETests_Steps.selects_gender(java.lang.String)
  And user selects brand "adidas"                                                  # stepDefinitions.E2ETests_Steps.selects_the_option(java.lang.String)
  Then user is redirected to page having brand "adidas" image to continue shopping # stepDefinitions.E2ETests_Steps.user_redirects_brand_continue_shopping(java.lang.String)
  When user clicks on "ShopNow"                                                    # stepDefinitions.E2ETests_Steps.user_clicks_on(java.lang.String)
  And user finish registration page                                                # stepDefinitions.E2ETests_Steps.user_finish_registration_page()
  And selects "clothing" option                                                    # stepDefinitions.E2ETests_Steps.selects_option(java.lang.String)
  And user sends shoe with related size for checkout                               # stepDefinitions.E2ETests_Steps.user_sends_shoe_with_related_size_for_checkout()
  Then user enters the checkout details for payment                                # stepDefinitions.E2ETests_Steps.user_enters_the_checkout_details_for_payment()
2021-09-21 11:59:06,900 [INFO  ] Log - >> Current Page : Payment method
  And page is moved to payment page                                                # stepDefinitions.E2ETests_Steps.page_is_moved_to_payment_page()
]]></system-out>
    <system-err><![CDATA[Starting ChromeDriver 92.0.4515.107 (87a818b10553a07434ea9e2b6dccf3cbe7895134-refs/branch-heads/4515@{#1634}) on port 37544
Only local connections are allowed.
Please see https://chromedriver.chromium.org/security-considerations for suggestions on keeping ChromeDriver safe.
ChromeDriver was started successfully.
[1632218248.943][WARNING]: This version of ChromeDriver has not been tested with Chrome version 93.
Sep 21, 2021 11:57:28 AM org.openqa.selenium.remote.ProtocolHandshake createSession
INFO: Detected dialect: W3C
]]></system-err>
  </testcase>
</testsuite>