<?xml version="1.0" encoding="UTF-8"?>
<testng-results ignored="0" total="2" passed="2" failed="0" skipped="0">
  <reporter-output>
  </reporter-output>
  <suite started-at="2021-09-21T11:56:26 CEST" name="Surefire suite" finished-at="2021-09-21T11:59:07 CEST" duration-ms="161260">
    <groups>
      <group name="cucumber">
        <method signature="AbstractTestNGCucumberTests.runScenario(io.cucumber.testng.PickleWrapper, io.cucumber.testng.FeatureWrapper)[pri:0, instance:cucumber.Options.RunCucumberTests@f0f2775]" name="runScenario" class="io.cucumber.testng.AbstractTestNGCucumberTests"/>
      </group> <!-- cucumber -->
    </groups>
    <test started-at="2021-09-21T11:56:26 CEST" name="Surefire test" finished-at="2021-09-21T11:59:07 CEST" duration-ms="161260">
      <class name="cucumber.Options.RunCucumberTests">
        <test-method is-config="true" signature="setUpClass()[pri:0, instance:cucumber.Options.RunCucumberTests@f0f2775]" started-at="2021-09-21T11:56:26 CEST" name="setUpClass" finished-at="2021-09-21T11:56:26 CEST" duration-ms="620" status="PASS">
          <reporter-output>
          </reporter-output>
        </test-method> <!-- setUpClass -->
        <test-method signature="runScenario(io.cucumber.testng.PickleWrapper, io.cucumber.testng.FeatureWrapper)[pri:0, instance:cucumber.Options.RunCucumberTests@f0f2775]" started-at="2021-09-21T11:56:26 CEST" name="runScenario" description="Runs Cucumber Scenarios" data-provider="scenarios" finished-at="2021-09-21T11:57:28 CEST" duration-ms="61370" status="PASS">
          <params>
            <param index="0">
              <value>
                <![CDATA["User shops for adidas in Shoes"]]>
              </value>
            </param>
            <param index="1">
              <value>
                <![CDATA["Optional[E2E tests for Signup Page]"]]>
              </value>
            </param>
          </params>
          <reporter-output>
          </reporter-output>
        </test-method> <!-- runScenario -->
        <test-method signature="runScenario(io.cucumber.testng.PickleWrapper, io.cucumber.testng.FeatureWrapper)[pri:0, instance:cucumber.Options.RunCucumberTests@f0f2775]" started-at="2021-09-21T11:57:28 CEST" name="runScenario" description="Runs Cucumber Scenarios" data-provider="scenarios" finished-at="2021-09-21T11:59:07 CEST" duration-ms="99100" status="PASS">
          <params>
            <param index="0">
              <value>
                <![CDATA["User shops for adidas in clothing"]]>
              </value>
            </param>
            <param index="1">
              <value>
                <![CDATA["Optional[E2E tests for Signup Page]"]]>
              </value>
            </param>
          </params>
          <reporter-output>
          </reporter-output>
        </test-method> <!-- runScenario -->
        <test-method is-config="true" signature="tearDownClass()[pri:0, instance:cucumber.Options.RunCucumberTests@f0f2775]" started-at="2021-09-21T11:59:07 CEST" name="tearDownClass" finished-at="2021-09-21T11:59:07 CEST" duration-ms="121" status="PASS">
          <reporter-output>
          </reporter-output>
        </test-method> <!-- tearDownClass -->
      </class> <!-- cucumber.Options.RunCucumberTests -->
    </test> <!-- Surefire test -->
  </suite> <!-- Surefire suite -->
</testng-results>
